
  .   ____          _            __ _ _
 /\\ / ___'_ __ _ _(_)_ __  __ _ \ \ \ \
( ( )\___ | '_ | '_| | '_ \/ _` | \ \ \ \
 \\/  ___)| |_)| | | | | || (_| |  ) ) ) )
  '  |____| .__|_| |_|_| |_\__, | / / / /
 =========|_|==============|___/=/_/_/_/
 :: Spring Boot ::       (v3.2.0-SNAPSHOT)

2023-09-27T21:38:11.843+02:00  INFO 30330 --- [context-demo] [           main] c.e.c.CracDbSampleApplication            : Starting CracDbSampleApplication v0.0.1-SNAPSHOT using Java 17.0.8 with PID 30330 (/home/olga/IdeaProjects/crac-db-sample/target/crac-db-sample-0.0.1-SNAPSHOT.jar started by olga in /home/olga/IdeaProjects/crac-db-sample)
2023-09-27T21:38:11.845+02:00  INFO 30330 --- [context-demo] [           main] c.e.c.CracDbSampleApplication            : No active profile set, falling back to 1 default profile: "default"
2023-09-27T21:38:12.562+02:00  INFO 30330 --- [context-demo] [           main] .s.d.r.c.RepositoryConfigurationDelegate : Bootstrapping Spring Data JPA repositories in DEFAULT mode.
2023-09-27T21:38:12.656+02:00  INFO 30330 --- [context-demo] [           main] .s.d.r.c.RepositoryConfigurationDelegate : Finished Spring Data repository scanning in 88 ms. Found 1 JPA repository interfaces.
2023-09-27T21:38:12.767+02:00  INFO 30330 --- [context-demo] [           main] o.s.cloud.context.scope.GenericScope     : BeanFactory id=c6902654-a7f3-3cbe-a82c-7fcb2515fda5
2023-09-27T21:38:13.169+02:00  INFO 30330 --- [context-demo] [           main] o.hibernate.jpa.internal.util.LogHelper  : HHH000204: Processing PersistenceUnitInfo [name: default]
2023-09-27T21:38:13.201+02:00  INFO 30330 --- [context-demo] [           main] org.hibernate.Version                    : HHH000412: Hibernate ORM core version 6.3.1.Final
2023-09-27T21:38:13.222+02:00  INFO 30330 --- [context-demo] [           main] o.h.c.internal.RegionFactoryInitiator    : HHH000026: Second-level cache disabled
2023-09-27T21:38:13.359+02:00  INFO 30330 --- [context-demo] [           main] o.s.o.j.p.SpringPersistenceUnitInfo      : No LoadTimeWeaver setup: ignoring JPA class transformer
2023-09-27T21:38:13.375+02:00  INFO 30330 --- [context-demo] [           main] com.zaxxer.hikari.HikariDataSource       : HikariPool-1 - Starting...
2023-09-27T21:38:13.521+02:00  INFO 30330 --- [context-demo] [           main] com.zaxxer.hikari.pool.HikariPool        : HikariPool-1 - Added connection org.postgresql.jdbc.PgConnection@488b50ec
2023-09-27T21:38:13.522+02:00  INFO 30330 --- [context-demo] [           main] com.zaxxer.hikari.HikariDataSource       : HikariPool-1 - Start completed.
2023-09-27T21:38:13.550+02:00  WARN 30330 --- [context-demo] [           main] org.hibernate.orm.deprecation            : HHH90000025: PostgreSQLDialect does not need to be specified explicitly using 'hibernate.dialect' (remove the property setting and it will be selected by default)
2023-09-27T21:38:13.995+02:00  INFO 30330 --- [context-demo] [           main] o.h.e.t.j.p.i.JtaPlatformInitiator       : HHH000489: No JTA platform available (set 'hibernate.transaction.jta.platform' to enable JTA platform integration)
Hibernate: drop table if exists users cascade
Hibernate: create table users (id bigserial not null, email varchar(255), name varchar(255), primary key (id))
2023-09-27T21:38:14.027+02:00  INFO 30330 --- [context-demo] [           main] j.LocalContainerEntityManagerFactoryBean : Initialized JPA EntityManagerFactory for persistence unit 'default'
2023-09-27T21:38:14.514+02:00  INFO 30330 --- [context-demo] [           main] o.s.b.a.e.web.EndpointLinksResolver      : Exposing 2 endpoint(s) beneath base path '/actuator'
2023-09-27T21:38:15.018+02:00  INFO 30330 --- [context-demo] [           main] o.s.b.web.embedded.netty.NettyWebServer  : Netty started on port 8080
2023-09-27T21:38:15.054+02:00  INFO 30330 --- [context-demo] [           main] c.e.c.CracDbSampleApplication            : Started CracDbSampleApplication in 3.592 seconds (process running for 4.009)
Hibernate: insert into users (email,name) values (?,?)
Hibernate: insert into users (email,name) values (?,?)
Hibernate: select u1_0.id,u1_0.email,u1_0.name from users u1_0
User{id=1, name='John', email='john@domain.com'}
User{id=2, name='Julie', email='julie@domain.com'}
Hibernate: select u1_0.id,u1_0.email,u1_0.name from users u1_0
Hibernate: select u1_0.id,u1_0.email,u1_0.name from users u1_0
Hibernate: select u1_0.id,u1_0.email,u1_0.name from users u1_0
Hibernate: select u1_0.id,u1_0.email,u1_0.name from users u1_0
2023-09-27T21:38:36.070+02:00  INFO 30330 --- [context-demo] [Attach Listener] o.s.c.support.DefaultLifecycleProcessor  : Restarting Spring-managed lifecycle beans after JVM restore
2023-09-27T21:38:36.071+02:00  INFO 30330 --- [context-demo] [Attach Listener] o.s.c.c.refresh.RefreshScopeLifecycle    : Refreshing context on restart.
2023-09-27T21:38:36.224+02:00  INFO 30330 --- [context-demo] [Attach Listener] com.zaxxer.hikari.HikariDataSource       : HikariPool-1 - Shutdown initiated...
2023-09-27T21:38:36.227+02:00  INFO 30330 --- [context-demo] [Attach Listener] com.zaxxer.hikari.HikariDataSource       : HikariPool-1 - Shutdown completed.
2023-09-27T21:38:36.228+02:00  INFO 30330 --- [context-demo] [Attach Listener] o.s.c.c.refresh.RefreshScopeLifecycle    : Refreshed keys: []
2023-09-27T21:38:36.230+02:00  INFO 30330 --- [context-demo] [Attach Listener] o.s.b.web.embedded.netty.NettyWebServer  : Netty started on port 8080
2023-09-27T21:38:36.251+02:00  INFO 30330 --- [context-demo] [Attach Listener] o.s.c.support.DefaultLifecycleProcessor  : Spring-managed lifecycle restart completed in 180 ms
2023-09-27T21:38:49.866+02:00  INFO 30330 --- [context-demo] [         task-5] com.zaxxer.hikari.HikariDataSource       : HikariPool-2 - Starting...
2023-09-27T21:38:49.874+02:00  INFO 30330 --- [context-demo] [         task-5] com.zaxxer.hikari.pool.HikariPool        : HikariPool-2 - Added connection org.postgresql.jdbc.PgConnection@741377d4
2023-09-27T21:38:49.874+02:00  INFO 30330 --- [context-demo] [         task-5] com.zaxxer.hikari.HikariDataSource       : HikariPool-2 - Start completed.
Hibernate: select u1_0.id,u1_0.email,u1_0.name from users u1_0
Hibernate: select u1_0.id,u1_0.email,u1_0.name from users u1_0
2023-09-27T21:39:30.166+02:00  INFO 30330 --- [context-demo] [Attach Listener] o.s.c.support.DefaultLifecycleProcessor  : Restarting Spring-managed lifecycle beans after JVM restore
2023-09-27T21:39:30.167+02:00  INFO 30330 --- [context-demo] [Attach Listener] o.s.c.c.refresh.RefreshScopeLifecycle    : Refreshing context on restart.
2023-09-27T21:39:30.246+02:00  INFO 30330 --- [context-demo] [Attach Listener] com.zaxxer.hikari.HikariDataSource       : HikariPool-2 - Shutdown initiated...
2023-09-27T21:39:30.248+02:00  INFO 30330 --- [context-demo] [Attach Listener] com.zaxxer.hikari.HikariDataSource       : HikariPool-2 - Shutdown completed.
2023-09-27T21:39:30.248+02:00  INFO 30330 --- [context-demo] [Attach Listener] o.s.c.c.refresh.RefreshScopeLifecycle    : Refreshed keys: [password]
2023-09-27T21:39:30.250+02:00  INFO 30330 --- [context-demo] [Attach Listener] o.s.b.web.embedded.netty.NettyWebServer  : Netty started on port 8080
2023-09-27T21:39:30.272+02:00  INFO 30330 --- [context-demo] [Attach Listener] o.s.c.support.DefaultLifecycleProcessor  : Spring-managed lifecycle restart completed in 105 ms
2023-09-27T21:39:43.910+02:00  INFO 30330 --- [context-demo] [         task-7] com.zaxxer.hikari.HikariDataSource       : HikariPool-3 - Starting...
2023-09-27T21:39:44.916+02:00 ERROR 30330 --- [context-demo] [         task-7] com.zaxxer.hikari.pool.HikariPool        : HikariPool-3 - Exception during pool initialization.

org.postgresql.util.PSQLException: FATAL: password authentication failed for user "user"
	at org.postgresql.core.v3.ConnectionFactoryImpl.doAuthentication(ConnectionFactoryImpl.java:693) ~[postgresql-42.6.0.jar!/:42.6.0]
	at org.postgresql.core.v3.ConnectionFactoryImpl.tryConnect(ConnectionFactoryImpl.java:203) ~[postgresql-42.6.0.jar!/:42.6.0]
	at org.postgresql.core.v3.ConnectionFactoryImpl.openConnectionImpl(ConnectionFactoryImpl.java:258) ~[postgresql-42.6.0.jar!/:42.6.0]
	at org.postgresql.core.ConnectionFactory.openConnection(ConnectionFactory.java:54) ~[postgresql-42.6.0.jar!/:42.6.0]
	at org.postgresql.jdbc.PgConnection.<init>(PgConnection.java:263) ~[postgresql-42.6.0.jar!/:42.6.0]
	at org.postgresql.Driver.makeConnection(Driver.java:443) ~[postgresql-42.6.0.jar!/:42.6.0]
	at org.postgresql.Driver.connect(Driver.java:297) ~[postgresql-42.6.0.jar!/:42.6.0]
	at com.zaxxer.hikari.util.DriverDataSource.getConnection(DriverDataSource.java:138) ~[HikariCP-5.0.1.jar!/:na]
	at com.zaxxer.hikari.pool.PoolBase.newConnection(PoolBase.java:359) ~[HikariCP-5.0.1.jar!/:na]
	at com.zaxxer.hikari.pool.PoolBase.newPoolEntry(PoolBase.java:201) ~[HikariCP-5.0.1.jar!/:na]
	at com.zaxxer.hikari.pool.HikariPool.createPoolEntry(HikariPool.java:470) ~[HikariCP-5.0.1.jar!/:na]
	at com.zaxxer.hikari.pool.HikariPool.checkFailFast(HikariPool.java:561) ~[HikariCP-5.0.1.jar!/:na]
	at com.zaxxer.hikari.pool.HikariPool.<init>(HikariPool.java:100) ~[HikariCP-5.0.1.jar!/:na]
	at com.zaxxer.hikari.HikariDataSource.getConnection(HikariDataSource.java:112) ~[HikariCP-5.0.1.jar!/:na]
	at java.base/jdk.internal.reflect.NativeMethodAccessorImpl.invoke0(Native Method) ~[na:na]
	at java.base/jdk.internal.reflect.NativeMethodAccessorImpl.invoke(NativeMethodAccessorImpl.java:77) ~[na:na]
	at java.base/jdk.internal.reflect.DelegatingMethodAccessorImpl.invoke(DelegatingMethodAccessorImpl.java:43) ~[na:na]
	at java.base/java.lang.reflect.Method.invoke(Method.java:568) ~[na:na]
	at org.springframework.util.ReflectionUtils.invokeMethod(ReflectionUtils.java:281) ~[spring-core-6.1.0-M5.jar!/:6.1.0-M5]
	at org.springframework.cloud.context.scope.GenericScope$LockedScopedProxyFactoryBean.invoke(GenericScope.java:482) ~[spring-cloud-context-4.1.0-SNAPSHOT.jar!/:4.1.0-SNAPSHOT]
	at org.springframework.aop.framework.ReflectiveMethodInvocation.proceed(ReflectiveMethodInvocation.java:184) ~[spring-aop-6.1.0-M5.jar!/:6.1.0-M5]
	at org.springframework.aop.framework.JdkDynamicAopProxy.invoke(JdkDynamicAopProxy.java:249) ~[spring-aop-6.1.0-M5.jar!/:6.1.0-M5]
	at jdk.proxy2/jdk.proxy2.$Proxy89.getConnection(Unknown Source) ~[na:na]
	at org.hibernate.engine.jdbc.connections.internal.DatasourceConnectionProviderImpl.getConnection(DatasourceConnectionProviderImpl.java:122) ~[hibernate-core-6.3.1.Final.jar!/:6.3.1.Final]
	at org.hibernate.internal.NonContextualJdbcConnectionAccess.obtainConnection(NonContextualJdbcConnectionAccess.java:38) ~[hibernate-core-6.3.1.Final.jar!/:6.3.1.Final]
	at org.hibernate.resource.jdbc.internal.LogicalConnectionManagedImpl.acquireConnectionIfNeeded(LogicalConnectionManagedImpl.java:113) ~[hibernate-core-6.3.1.Final.jar!/:6.3.1.Final]
	at org.hibernate.resource.jdbc.internal.LogicalConnectionManagedImpl.getPhysicalConnection(LogicalConnectionManagedImpl.java:143) ~[hibernate-core-6.3.1.Final.jar!/:6.3.1.Final]
	at org.springframework.orm.jpa.vendor.HibernateJpaDialect.beginTransaction(HibernateJpaDialect.java:152) ~[spring-orm-6.1.0-M5.jar!/:6.1.0-M5]
	at org.springframework.orm.jpa.JpaTransactionManager.doBegin(JpaTransactionManager.java:420) ~[spring-orm-6.1.0-M5.jar!/:6.1.0-M5]
	at org.springframework.transaction.support.AbstractPlatformTransactionManager.startTransaction(AbstractPlatformTransactionManager.java:531) ~[spring-tx-6.1.0-M5.jar!/:6.1.0-M5]
	at org.springframework.transaction.support.AbstractPlatformTransactionManager.getTransaction(AbstractPlatformTransactionManager.java:405) ~[spring-tx-6.1.0-M5.jar!/:6.1.0-M5]
	at org.springframework.transaction.interceptor.TransactionAspectSupport.createTransactionIfNecessary(TransactionAspectSupport.java:610) ~[spring-tx-6.1.0-M5.jar!/:6.1.0-M5]
	at org.springframework.transaction.interceptor.TransactionAspectSupport.invokeWithinTransaction(TransactionAspectSupport.java:379) ~[spring-tx-6.1.0-M5.jar!/:6.1.0-M5]
	at org.springframework.transaction.interceptor.TransactionInterceptor.invoke(TransactionInterceptor.java:119) ~[spring-tx-6.1.0-M5.jar!/:6.1.0-M5]
	at org.springframework.aop.framework.ReflectiveMethodInvocation.proceed(ReflectiveMethodInvocation.java:184) ~[spring-aop-6.1.0-M5.jar!/:6.1.0-M5]
	at org.springframework.dao.support.PersistenceExceptionTranslationInterceptor.invoke(PersistenceExceptionTranslationInterceptor.java:137) ~[spring-tx-6.1.0-M5.jar!/:6.1.0-M5]
	at org.springframework.aop.framework.ReflectiveMethodInvocation.proceed(ReflectiveMethodInvocation.java:184) ~[spring-aop-6.1.0-M5.jar!/:6.1.0-M5]
	at org.springframework.data.jpa.repository.support.CrudMethodMetadataPostProcessor$CrudMethodMetadataPopulatingMethodInterceptor.invoke(CrudMethodMetadataPostProcessor.java:164) ~[spring-data-jpa-3.2.0-M3.jar!/:3.2.0-M3]
	at org.springframework.aop.framework.ReflectiveMethodInvocation.proceed(ReflectiveMethodInvocation.java:184) ~[spring-aop-6.1.0-M5.jar!/:6.1.0-M5]
	at org.springframework.aop.interceptor.ExposeInvocationInterceptor.invoke(ExposeInvocationInterceptor.java:97) ~[spring-aop-6.1.0-M5.jar!/:6.1.0-M5]
	at org.springframework.aop.framework.ReflectiveMethodInvocation.proceed(ReflectiveMethodInvocation.java:184) ~[spring-aop-6.1.0-M5.jar!/:6.1.0-M5]
	at org.springframework.aop.framework.JdkDynamicAopProxy.invoke(JdkDynamicAopProxy.java:249) ~[spring-aop-6.1.0-M5.jar!/:6.1.0-M5]
	at jdk.proxy2/jdk.proxy2.$Proxy129.findAll(Unknown Source) ~[na:na]
	at com.example.cracdbsample.controllers.UserController.getUsers(UserController.java:28) ~[classes!/:0.0.1-SNAPSHOT]
	at java.base/jdk.internal.reflect.NativeMethodAccessorImpl.invoke0(Native Method) ~[na:na]
	at java.base/jdk.internal.reflect.NativeMethodAccessorImpl.invoke(NativeMethodAccessorImpl.java:77) ~[na:na]
	at java.base/jdk.internal.reflect.DelegatingMethodAccessorImpl.invoke(DelegatingMethodAccessorImpl.java:43) ~[na:na]
	at java.base/java.lang.reflect.Method.invoke(Method.java:568) ~[na:na]
	at org.springframework.web.reactive.result.method.InvocableHandlerMethod.lambda$invoke$0(InvocableHandlerMethod.java:174) ~[spring-webflux-6.1.0-M5.jar!/:6.1.0-M5]
	at reactor.core.publisher.FluxFlatMap.trySubscribeScalarMap(FluxFlatMap.java:152) ~[reactor-core-3.6.0-M3.jar!/:3.6.0-M3]
	at reactor.core.publisher.MonoFlatMap.subscribeOrReturn(MonoFlatMap.java:53) ~[reactor-core-3.6.0-M3.jar!/:3.6.0-M3]
	at reactor.core.publisher.InternalMonoOperator.subscribe(InternalMonoOperator.java:57) ~[reactor-core-3.6.0-M3.jar!/:3.6.0-M3]
	at reactor.core.publisher.MonoDefer.subscribe(MonoDefer.java:53) ~[reactor-core-3.6.0-M3.jar!/:3.6.0-M3]
	at reactor.core.publisher.MonoIgnoreThen$ThenIgnoreMain.subscribeNext(MonoIgnoreThen.java:240) ~[reactor-core-3.6.0-M3.jar!/:3.6.0-M3]
	at reactor.core.publisher.MonoIgnoreThen$ThenIgnoreMain.onComplete(MonoIgnoreThen.java:203) ~[reactor-core-3.6.0-M3.jar!/:3.6.0-M3]
	at reactor.core.publisher.MonoFlatMap$FlatMapMain.onComplete(MonoFlatMap.java:189) ~[reactor-core-3.6.0-M3.jar!/:3.6.0-M3]
	at reactor.core.publisher.Operators.complete(Operators.java:137) ~[reactor-core-3.6.0-M3.jar!/:3.6.0-M3]
	at reactor.core.publisher.MonoZip.subscribe(MonoZip.java:121) ~[reactor-core-3.6.0-M3.jar!/:3.6.0-M3]
	at reactor.core.publisher.Mono.subscribe(Mono.java:4495) ~[reactor-core-3.6.0-M3.jar!/:3.6.0-M3]
	at reactor.core.publisher.MonoIgnoreThen$ThenIgnoreMain.subscribeNext(MonoIgnoreThen.java:263) ~[reactor-core-3.6.0-M3.jar!/:3.6.0-M3]
	at reactor.core.publisher.MonoIgnoreThen.subscribe(MonoIgnoreThen.java:51) ~[reactor-core-3.6.0-M3.jar!/:3.6.0-M3]
	at reactor.core.publisher.Mono.subscribe(Mono.java:4495) ~[reactor-core-3.6.0-M3.jar!/:3.6.0-M3]
	at reactor.core.publisher.MonoSubscribeOn$SubscribeOnSubscriber.run(MonoSubscribeOn.java:126) ~[reactor-core-3.6.0-M3.jar!/:3.6.0-M3]
	at reactor.core.scheduler.ExecutorScheduler$ExecutorTrackedRunnable.run(ExecutorScheduler.java:192) ~[reactor-core-3.6.0-M3.jar!/:3.6.0-M3]
	at java.base/java.util.concurrent.ThreadPoolExecutor.runWorker(ThreadPoolExecutor.java:1136) ~[na:na]
	at java.base/java.util.concurrent.ThreadPoolExecutor$Worker.run(ThreadPoolExecutor.java:635) ~[na:na]
	at java.base/java.lang.Thread.run(Thread.java:833) ~[na:na]

2023-09-27T21:39:44.920+02:00  WARN 30330 --- [context-demo] [         task-7] o.h.engine.jdbc.spi.SqlExceptionHelper   : SQL Error: 0, SQLState: 28P01
2023-09-27T21:39:44.920+02:00 ERROR 30330 --- [context-demo] [         task-7] o.h.engine.jdbc.spi.SqlExceptionHelper   : FATAL: password authentication failed for user "user"
2023-09-27T21:39:44.937+02:00 ERROR 30330 --- [context-demo] [         task-7] a.w.r.e.AbstractErrorWebExceptionHandler : [5d83bfc7-7]  500 Server Error for HTTP GET "/users"

org.springframework.transaction.CannotCreateTransactionException: Could not open JPA EntityManager for transaction
	at org.springframework.orm.jpa.JpaTransactionManager.doBegin(JpaTransactionManager.java:466) ~[spring-orm-6.1.0-M5.jar!/:6.1.0-M5]
	Suppressed: reactor.core.publisher.FluxOnAssembly$OnAssemblyException: 
Error has been observed at the following site(s):
	*__checkpoint ⇢ HTTP GET "/users" [ExceptionHandlingWebHandler]
Original Stack Trace:
		at org.springframework.orm.jpa.JpaTransactionManager.doBegin(JpaTransactionManager.java:466) ~[spring-orm-6.1.0-M5.jar!/:6.1.0-M5]
		at org.springframework.transaction.support.AbstractPlatformTransactionManager.startTransaction(AbstractPlatformTransactionManager.java:531) ~[spring-tx-6.1.0-M5.jar!/:6.1.0-M5]
		at org.springframework.transaction.support.AbstractPlatformTransactionManager.getTransaction(AbstractPlatformTransactionManager.java:405) ~[spring-tx-6.1.0-M5.jar!/:6.1.0-M5]
		at org.springframework.transaction.interceptor.TransactionAspectSupport.createTransactionIfNecessary(TransactionAspectSupport.java:610) ~[spring-tx-6.1.0-M5.jar!/:6.1.0-M5]
		at org.springframework.transaction.interceptor.TransactionAspectSupport.invokeWithinTransaction(TransactionAspectSupport.java:379) ~[spring-tx-6.1.0-M5.jar!/:6.1.0-M5]
		at org.springframework.transaction.interceptor.TransactionInterceptor.invoke(TransactionInterceptor.java:119) ~[spring-tx-6.1.0-M5.jar!/:6.1.0-M5]
		at org.springframework.aop.framework.ReflectiveMethodInvocation.proceed(ReflectiveMethodInvocation.java:184) ~[spring-aop-6.1.0-M5.jar!/:6.1.0-M5]
		at org.springframework.dao.support.PersistenceExceptionTranslationInterceptor.invoke(PersistenceExceptionTranslationInterceptor.java:137) ~[spring-tx-6.1.0-M5.jar!/:6.1.0-M5]
		at org.springframework.aop.framework.ReflectiveMethodInvocation.proceed(ReflectiveMethodInvocation.java:184) ~[spring-aop-6.1.0-M5.jar!/:6.1.0-M5]
		at org.springframework.data.jpa.repository.support.CrudMethodMetadataPostProcessor$CrudMethodMetadataPopulatingMethodInterceptor.invoke(CrudMethodMetadataPostProcessor.java:164) ~[spring-data-jpa-3.2.0-M3.jar!/:3.2.0-M3]
		at org.springframework.aop.framework.ReflectiveMethodInvocation.proceed(ReflectiveMethodInvocation.java:184) ~[spring-aop-6.1.0-M5.jar!/:6.1.0-M5]
		at org.springframework.aop.interceptor.ExposeInvocationInterceptor.invoke(ExposeInvocationInterceptor.java:97) ~[spring-aop-6.1.0-M5.jar!/:6.1.0-M5]
		at org.springframework.aop.framework.ReflectiveMethodInvocation.proceed(ReflectiveMethodInvocation.java:184) ~[spring-aop-6.1.0-M5.jar!/:6.1.0-M5]
		at org.springframework.aop.framework.JdkDynamicAopProxy.invoke(JdkDynamicAopProxy.java:249) ~[spring-aop-6.1.0-M5.jar!/:6.1.0-M5]
		at jdk.proxy2/jdk.proxy2.$Proxy129.findAll(Unknown Source) ~[na:na]
		at com.example.cracdbsample.controllers.UserController.getUsers(UserController.java:28) ~[classes!/:0.0.1-SNAPSHOT]
		at java.base/jdk.internal.reflect.NativeMethodAccessorImpl.invoke0(Native Method) ~[na:na]
		at java.base/jdk.internal.reflect.NativeMethodAccessorImpl.invoke(NativeMethodAccessorImpl.java:77) ~[na:na]
		at java.base/jdk.internal.reflect.DelegatingMethodAccessorImpl.invoke(DelegatingMethodAccessorImpl.java:43) ~[na:na]
		at java.base/java.lang.reflect.Method.invoke(Method.java:568) ~[na:na]
		at org.springframework.web.reactive.result.method.InvocableHandlerMethod.lambda$invoke$0(InvocableHandlerMethod.java:174) ~[spring-webflux-6.1.0-M5.jar!/:6.1.0-M5]
		at reactor.core.publisher.FluxFlatMap.trySubscribeScalarMap(FluxFlatMap.java:152) ~[reactor-core-3.6.0-M3.jar!/:3.6.0-M3]
		at reactor.core.publisher.MonoFlatMap.subscribeOrReturn(MonoFlatMap.java:53) ~[reactor-core-3.6.0-M3.jar!/:3.6.0-M3]
		at reactor.core.publisher.InternalMonoOperator.subscribe(InternalMonoOperator.java:57) ~[reactor-core-3.6.0-M3.jar!/:3.6.0-M3]
		at reactor.core.publisher.MonoDefer.subscribe(MonoDefer.java:53) ~[reactor-core-3.6.0-M3.jar!/:3.6.0-M3]
		at reactor.core.publisher.MonoIgnoreThen$ThenIgnoreMain.subscribeNext(MonoIgnoreThen.java:240) ~[reactor-core-3.6.0-M3.jar!/:3.6.0-M3]
		at reactor.core.publisher.MonoIgnoreThen$ThenIgnoreMain.onComplete(MonoIgnoreThen.java:203) ~[reactor-core-3.6.0-M3.jar!/:3.6.0-M3]
		at reactor.core.publisher.MonoFlatMap$FlatMapMain.onComplete(MonoFlatMap.java:189) ~[reactor-core-3.6.0-M3.jar!/:3.6.0-M3]
		at reactor.core.publisher.Operators.complete(Operators.java:137) ~[reactor-core-3.6.0-M3.jar!/:3.6.0-M3]
		at reactor.core.publisher.MonoZip.subscribe(MonoZip.java:121) ~[reactor-core-3.6.0-M3.jar!/:3.6.0-M3]
		at reactor.core.publisher.Mono.subscribe(Mono.java:4495) ~[reactor-core-3.6.0-M3.jar!/:3.6.0-M3]
		at reactor.core.publisher.MonoIgnoreThen$ThenIgnoreMain.subscribeNext(MonoIgnoreThen.java:263) ~[reactor-core-3.6.0-M3.jar!/:3.6.0-M3]
		at reactor.core.publisher.MonoIgnoreThen.subscribe(MonoIgnoreThen.java:51) ~[reactor-core-3.6.0-M3.jar!/:3.6.0-M3]
		at reactor.core.publisher.Mono.subscribe(Mono.java:4495) ~[reactor-core-3.6.0-M3.jar!/:3.6.0-M3]
		at reactor.core.publisher.MonoSubscribeOn$SubscribeOnSubscriber.run(MonoSubscribeOn.java:126) ~[reactor-core-3.6.0-M3.jar!/:3.6.0-M3]
		at reactor.core.scheduler.ExecutorScheduler$ExecutorTrackedRunnable.run(ExecutorScheduler.java:192) ~[reactor-core-3.6.0-M3.jar!/:3.6.0-M3]
		at java.base/java.util.concurrent.ThreadPoolExecutor.runWorker(ThreadPoolExecutor.java:1136) ~[na:na]
		at java.base/java.util.concurrent.ThreadPoolExecutor$Worker.run(ThreadPoolExecutor.java:635) ~[na:na]
		at java.base/java.lang.Thread.run(Thread.java:833) ~[na:na]
Caused by: org.hibernate.exception.GenericJDBCException: Unable to acquire JDBC Connection [FATAL: password authentication failed for user "user"] [n/a]
	at org.hibernate.exception.internal.StandardSQLExceptionConverter.convert(StandardSQLExceptionConverter.java:63) ~[hibernate-core-6.3.1.Final.jar!/:6.3.1.Final]
	at org.hibernate.engine.jdbc.spi.SqlExceptionHelper.convert(SqlExceptionHelper.java:108) ~[hibernate-core-6.3.1.Final.jar!/:6.3.1.Final]
	at org.hibernate.engine.jdbc.spi.SqlExceptionHelper.convert(SqlExceptionHelper.java:94) ~[hibernate-core-6.3.1.Final.jar!/:6.3.1.Final]
	at org.hibernate.resource.jdbc.internal.LogicalConnectionManagedImpl.acquireConnectionIfNeeded(LogicalConnectionManagedImpl.java:116) ~[hibernate-core-6.3.1.Final.jar!/:6.3.1.Final]
	at org.hibernate.resource.jdbc.internal.LogicalConnectionManagedImpl.getPhysicalConnection(LogicalConnectionManagedImpl.java:143) ~[hibernate-core-6.3.1.Final.jar!/:6.3.1.Final]
	at org.springframework.orm.jpa.vendor.HibernateJpaDialect.beginTransaction(HibernateJpaDialect.java:152) ~[spring-orm-6.1.0-M5.jar!/:6.1.0-M5]
	at org.springframework.orm.jpa.JpaTransactionManager.doBegin(JpaTransactionManager.java:420) ~[spring-orm-6.1.0-M5.jar!/:6.1.0-M5]
	at org.springframework.transaction.support.AbstractPlatformTransactionManager.startTransaction(AbstractPlatformTransactionManager.java:531) ~[spring-tx-6.1.0-M5.jar!/:6.1.0-M5]
	at org.springframework.transaction.support.AbstractPlatformTransactionManager.getTransaction(AbstractPlatformTransactionManager.java:405) ~[spring-tx-6.1.0-M5.jar!/:6.1.0-M5]
	at org.springframework.transaction.interceptor.TransactionAspectSupport.createTransactionIfNecessary(TransactionAspectSupport.java:610) ~[spring-tx-6.1.0-M5.jar!/:6.1.0-M5]
	at org.springframework.transaction.interceptor.TransactionAspectSupport.invokeWithinTransaction(TransactionAspectSupport.java:379) ~[spring-tx-6.1.0-M5.jar!/:6.1.0-M5]
	at org.springframework.transaction.interceptor.TransactionInterceptor.invoke(TransactionInterceptor.java:119) ~[spring-tx-6.1.0-M5.jar!/:6.1.0-M5]
	at org.springframework.aop.framework.ReflectiveMethodInvocation.proceed(ReflectiveMethodInvocation.java:184) ~[spring-aop-6.1.0-M5.jar!/:6.1.0-M5]
	at org.springframework.dao.support.PersistenceExceptionTranslationInterceptor.invoke(PersistenceExceptionTranslationInterceptor.java:137) ~[spring-tx-6.1.0-M5.jar!/:6.1.0-M5]
	at org.springframework.aop.framework.ReflectiveMethodInvocation.proceed(ReflectiveMethodInvocation.java:184) ~[spring-aop-6.1.0-M5.jar!/:6.1.0-M5]
	at org.springframework.data.jpa.repository.support.CrudMethodMetadataPostProcessor$CrudMethodMetadataPopulatingMethodInterceptor.invoke(CrudMethodMetadataPostProcessor.java:164) ~[spring-data-jpa-3.2.0-M3.jar!/:3.2.0-M3]
	at org.springframework.aop.framework.ReflectiveMethodInvocation.proceed(ReflectiveMethodInvocation.java:184) ~[spring-aop-6.1.0-M5.jar!/:6.1.0-M5]
	at org.springframework.aop.interceptor.ExposeInvocationInterceptor.invoke(ExposeInvocationInterceptor.java:97) ~[spring-aop-6.1.0-M5.jar!/:6.1.0-M5]
	at org.springframework.aop.framework.ReflectiveMethodInvocation.proceed(ReflectiveMethodInvocation.java:184) ~[spring-aop-6.1.0-M5.jar!/:6.1.0-M5]
	at org.springframework.aop.framework.JdkDynamicAopProxy.invoke(JdkDynamicAopProxy.java:249) ~[spring-aop-6.1.0-M5.jar!/:6.1.0-M5]
	at jdk.proxy2/jdk.proxy2.$Proxy129.findAll(Unknown Source) ~[na:na]
	at com.example.cracdbsample.controllers.UserController.getUsers(UserController.java:28) ~[classes!/:0.0.1-SNAPSHOT]
	at java.base/jdk.internal.reflect.NativeMethodAccessorImpl.invoke0(Native Method) ~[na:na]
	at java.base/jdk.internal.reflect.NativeMethodAccessorImpl.invoke(NativeMethodAccessorImpl.java:77) ~[na:na]
	at java.base/jdk.internal.reflect.DelegatingMethodAccessorImpl.invoke(DelegatingMethodAccessorImpl.java:43) ~[na:na]
	at java.base/java.lang.reflect.Method.invoke(Method.java:568) ~[na:na]
	at org.springframework.web.reactive.result.method.InvocableHandlerMethod.lambda$invoke$0(InvocableHandlerMethod.java:174) ~[spring-webflux-6.1.0-M5.jar!/:6.1.0-M5]
	at reactor.core.publisher.FluxFlatMap.trySubscribeScalarMap(FluxFlatMap.java:152) ~[reactor-core-3.6.0-M3.jar!/:3.6.0-M3]
	at reactor.core.publisher.MonoFlatMap.subscribeOrReturn(MonoFlatMap.java:53) ~[reactor-core-3.6.0-M3.jar!/:3.6.0-M3]
	at reactor.core.publisher.InternalMonoOperator.subscribe(InternalMonoOperator.java:57) ~[reactor-core-3.6.0-M3.jar!/:3.6.0-M3]
	at reactor.core.publisher.MonoDefer.subscribe(MonoDefer.java:53) ~[reactor-core-3.6.0-M3.jar!/:3.6.0-M3]
	at reactor.core.publisher.MonoIgnoreThen$ThenIgnoreMain.subscribeNext(MonoIgnoreThen.java:240) ~[reactor-core-3.6.0-M3.jar!/:3.6.0-M3]
	at reactor.core.publisher.MonoIgnoreThen$ThenIgnoreMain.onComplete(MonoIgnoreThen.java:203) ~[reactor-core-3.6.0-M3.jar!/:3.6.0-M3]
	at reactor.core.publisher.MonoFlatMap$FlatMapMain.onComplete(MonoFlatMap.java:189) ~[reactor-core-3.6.0-M3.jar!/:3.6.0-M3]
	at reactor.core.publisher.Operators.complete(Operators.java:137) ~[reactor-core-3.6.0-M3.jar!/:3.6.0-M3]
	at reactor.core.publisher.MonoZip.subscribe(MonoZip.java:121) ~[reactor-core-3.6.0-M3.jar!/:3.6.0-M3]
	at reactor.core.publisher.Mono.subscribe(Mono.java:4495) ~[reactor-core-3.6.0-M3.jar!/:3.6.0-M3]
	at reactor.core.publisher.MonoIgnoreThen$ThenIgnoreMain.subscribeNext(MonoIgnoreThen.java:263) ~[reactor-core-3.6.0-M3.jar!/:3.6.0-M3]
	at reactor.core.publisher.MonoIgnoreThen.subscribe(MonoIgnoreThen.java:51) ~[reactor-core-3.6.0-M3.jar!/:3.6.0-M3]
	at reactor.core.publisher.Mono.subscribe(Mono.java:4495) ~[reactor-core-3.6.0-M3.jar!/:3.6.0-M3]
	at reactor.core.publisher.MonoSubscribeOn$SubscribeOnSubscriber.run(MonoSubscribeOn.java:126) ~[reactor-core-3.6.0-M3.jar!/:3.6.0-M3]
	at reactor.core.scheduler.ExecutorScheduler$ExecutorTrackedRunnable.run(ExecutorScheduler.java:192) ~[reactor-core-3.6.0-M3.jar!/:3.6.0-M3]
	at java.base/java.util.concurrent.ThreadPoolExecutor.runWorker(ThreadPoolExecutor.java:1136) ~[na:na]
	at java.base/java.util.concurrent.ThreadPoolExecutor$Worker.run(ThreadPoolExecutor.java:635) ~[na:na]
	at java.base/java.lang.Thread.run(Thread.java:833) ~[na:na]
Caused by: org.postgresql.util.PSQLException: FATAL: password authentication failed for user "user"
	at org.postgresql.core.v3.ConnectionFactoryImpl.doAuthentication(ConnectionFactoryImpl.java:693) ~[postgresql-42.6.0.jar!/:42.6.0]
	at org.postgresql.core.v3.ConnectionFactoryImpl.tryConnect(ConnectionFactoryImpl.java:203) ~[postgresql-42.6.0.jar!/:42.6.0]
	at org.postgresql.core.v3.ConnectionFactoryImpl.openConnectionImpl(ConnectionFactoryImpl.java:258) ~[postgresql-42.6.0.jar!/:42.6.0]
	at org.postgresql.core.ConnectionFactory.openConnection(ConnectionFactory.java:54) ~[postgresql-42.6.0.jar!/:42.6.0]
	at org.postgresql.jdbc.PgConnection.<init>(PgConnection.java:263) ~[postgresql-42.6.0.jar!/:42.6.0]
	at org.postgresql.Driver.makeConnection(Driver.java:443) ~[postgresql-42.6.0.jar!/:42.6.0]
	at org.postgresql.Driver.connect(Driver.java:297) ~[postgresql-42.6.0.jar!/:42.6.0]
	at com.zaxxer.hikari.util.DriverDataSource.getConnection(DriverDataSource.java:138) ~[HikariCP-5.0.1.jar!/:na]
	at com.zaxxer.hikari.pool.PoolBase.newConnection(PoolBase.java:359) ~[HikariCP-5.0.1.jar!/:na]
	at com.zaxxer.hikari.pool.PoolBase.newPoolEntry(PoolBase.java:201) ~[HikariCP-5.0.1.jar!/:na]
	at com.zaxxer.hikari.pool.HikariPool.createPoolEntry(HikariPool.java:470) ~[HikariCP-5.0.1.jar!/:na]
	at com.zaxxer.hikari.pool.HikariPool.checkFailFast(HikariPool.java:561) ~[HikariCP-5.0.1.jar!/:na]
	at com.zaxxer.hikari.pool.HikariPool.<init>(HikariPool.java:100) ~[HikariCP-5.0.1.jar!/:na]
	at com.zaxxer.hikari.HikariDataSource.getConnection(HikariDataSource.java:112) ~[HikariCP-5.0.1.jar!/:na]
	at java.base/jdk.internal.reflect.NativeMethodAccessorImpl.invoke0(Native Method) ~[na:na]
	at java.base/jdk.internal.reflect.NativeMethodAccessorImpl.invoke(NativeMethodAccessorImpl.java:77) ~[na:na]
	at java.base/jdk.internal.reflect.DelegatingMethodAccessorImpl.invoke(DelegatingMethodAccessorImpl.java:43) ~[na:na]
	at java.base/java.lang.reflect.Method.invoke(Method.java:568) ~[na:na]
	at org.springframework.util.ReflectionUtils.invokeMethod(ReflectionUtils.java:281) ~[spring-core-6.1.0-M5.jar!/:6.1.0-M5]
	at org.springframework.cloud.context.scope.GenericScope$LockedScopedProxyFactoryBean.invoke(GenericScope.java:482) ~[spring-cloud-context-4.1.0-SNAPSHOT.jar!/:4.1.0-SNAPSHOT]
	at org.springframework.aop.framework.ReflectiveMethodInvocation.proceed(ReflectiveMethodInvocation.java:184) ~[spring-aop-6.1.0-M5.jar!/:6.1.0-M5]
	at org.springframework.aop.framework.JdkDynamicAopProxy.invoke(JdkDynamicAopProxy.java:249) ~[spring-aop-6.1.0-M5.jar!/:6.1.0-M5]
	at jdk.proxy2/jdk.proxy2.$Proxy89.getConnection(Unknown Source) ~[na:na]
	at org.hibernate.engine.jdbc.connections.internal.DatasourceConnectionProviderImpl.getConnection(DatasourceConnectionProviderImpl.java:122) ~[hibernate-core-6.3.1.Final.jar!/:6.3.1.Final]
	at org.hibernate.internal.NonContextualJdbcConnectionAccess.obtainConnection(NonContextualJdbcConnectionAccess.java:38) ~[hibernate-core-6.3.1.Final.jar!/:6.3.1.Final]
	at org.hibernate.resource.jdbc.internal.LogicalConnectionManagedImpl.acquireConnectionIfNeeded(LogicalConnectionManagedImpl.java:113) ~[hibernate-core-6.3.1.Final.jar!/:6.3.1.Final]
	... 41 common frames omitted

2023-09-27T21:39:47.019+02:00  INFO 30330 --- [context-demo] [         task-8] com.zaxxer.hikari.HikariDataSource       : HikariPool-3 - Starting...
2023-09-27T21:39:48.023+02:00 ERROR 30330 --- [context-demo] [         task-8] com.zaxxer.hikari.pool.HikariPool        : HikariPool-3 - Exception during pool initialization.

org.postgresql.util.PSQLException: FATAL: password authentication failed for user "user"
	at org.postgresql.core.v3.ConnectionFactoryImpl.doAuthentication(ConnectionFactoryImpl.java:693) ~[postgresql-42.6.0.jar!/:42.6.0]
	at org.postgresql.core.v3.ConnectionFactoryImpl.tryConnect(ConnectionFactoryImpl.java:203) ~[postgresql-42.6.0.jar!/:42.6.0]
	at org.postgresql.core.v3.ConnectionFactoryImpl.openConnectionImpl(ConnectionFactoryImpl.java:258) ~[postgresql-42.6.0.jar!/:42.6.0]
	at org.postgresql.core.ConnectionFactory.openConnection(ConnectionFactory.java:54) ~[postgresql-42.6.0.jar!/:42.6.0]
	at org.postgresql.jdbc.PgConnection.<init>(PgConnection.java:263) ~[postgresql-42.6.0.jar!/:42.6.0]
	at org.postgresql.Driver.makeConnection(Driver.java:443) ~[postgresql-42.6.0.jar!/:42.6.0]
	at org.postgresql.Driver.connect(Driver.java:297) ~[postgresql-42.6.0.jar!/:42.6.0]
	at com.zaxxer.hikari.util.DriverDataSource.getConnection(DriverDataSource.java:138) ~[HikariCP-5.0.1.jar!/:na]
	at com.zaxxer.hikari.pool.PoolBase.newConnection(PoolBase.java:359) ~[HikariCP-5.0.1.jar!/:na]
	at com.zaxxer.hikari.pool.PoolBase.newPoolEntry(PoolBase.java:201) ~[HikariCP-5.0.1.jar!/:na]
	at com.zaxxer.hikari.pool.HikariPool.createPoolEntry(HikariPool.java:470) ~[HikariCP-5.0.1.jar!/:na]
	at com.zaxxer.hikari.pool.HikariPool.checkFailFast(HikariPool.java:561) ~[HikariCP-5.0.1.jar!/:na]
	at com.zaxxer.hikari.pool.HikariPool.<init>(HikariPool.java:100) ~[HikariCP-5.0.1.jar!/:na]
	at com.zaxxer.hikari.HikariDataSource.getConnection(HikariDataSource.java:112) ~[HikariCP-5.0.1.jar!/:na]
	at java.base/jdk.internal.reflect.NativeMethodAccessorImpl.invoke0(Native Method) ~[na:na]
	at java.base/jdk.internal.reflect.NativeMethodAccessorImpl.invoke(NativeMethodAccessorImpl.java:77) ~[na:na]
	at java.base/jdk.internal.reflect.DelegatingMethodAccessorImpl.invoke(DelegatingMethodAccessorImpl.java:43) ~[na:na]
	at java.base/java.lang.reflect.Method.invoke(Method.java:568) ~[na:na]
	at org.springframework.util.ReflectionUtils.invokeMethod(ReflectionUtils.java:281) ~[spring-core-6.1.0-M5.jar!/:6.1.0-M5]
	at org.springframework.cloud.context.scope.GenericScope$LockedScopedProxyFactoryBean.invoke(GenericScope.java:482) ~[spring-cloud-context-4.1.0-SNAPSHOT.jar!/:4.1.0-SNAPSHOT]
	at org.springframework.aop.framework.ReflectiveMethodInvocation.proceed(ReflectiveMethodInvocation.java:184) ~[spring-aop-6.1.0-M5.jar!/:6.1.0-M5]
	at org.springframework.aop.framework.JdkDynamicAopProxy.invoke(JdkDynamicAopProxy.java:249) ~[spring-aop-6.1.0-M5.jar!/:6.1.0-M5]
	at jdk.proxy2/jdk.proxy2.$Proxy89.getConnection(Unknown Source) ~[na:na]
	at org.hibernate.engine.jdbc.connections.internal.DatasourceConnectionProviderImpl.getConnection(DatasourceConnectionProviderImpl.java:122) ~[hibernate-core-6.3.1.Final.jar!/:6.3.1.Final]
	at org.hibernate.internal.NonContextualJdbcConnectionAccess.obtainConnection(NonContextualJdbcConnectionAccess.java:38) ~[hibernate-core-6.3.1.Final.jar!/:6.3.1.Final]
	at org.hibernate.resource.jdbc.internal.LogicalConnectionManagedImpl.acquireConnectionIfNeeded(LogicalConnectionManagedImpl.java:113) ~[hibernate-core-6.3.1.Final.jar!/:6.3.1.Final]
	at org.hibernate.resource.jdbc.internal.LogicalConnectionManagedImpl.getPhysicalConnection(LogicalConnectionManagedImpl.java:143) ~[hibernate-core-6.3.1.Final.jar!/:6.3.1.Final]
	at org.springframework.orm.jpa.vendor.HibernateJpaDialect.beginTransaction(HibernateJpaDialect.java:152) ~[spring-orm-6.1.0-M5.jar!/:6.1.0-M5]
	at org.springframework.orm.jpa.JpaTransactionManager.doBegin(JpaTransactionManager.java:420) ~[spring-orm-6.1.0-M5.jar!/:6.1.0-M5]
	at org.springframework.transaction.support.AbstractPlatformTransactionManager.startTransaction(AbstractPlatformTransactionManager.java:531) ~[spring-tx-6.1.0-M5.jar!/:6.1.0-M5]
	at org.springframework.transaction.support.AbstractPlatformTransactionManager.getTransaction(AbstractPlatformTransactionManager.java:405) ~[spring-tx-6.1.0-M5.jar!/:6.1.0-M5]
	at org.springframework.transaction.interceptor.TransactionAspectSupport.createTransactionIfNecessary(TransactionAspectSupport.java:610) ~[spring-tx-6.1.0-M5.jar!/:6.1.0-M5]
	at org.springframework.transaction.interceptor.TransactionAspectSupport.invokeWithinTransaction(TransactionAspectSupport.java:379) ~[spring-tx-6.1.0-M5.jar!/:6.1.0-M5]
	at org.springframework.transaction.interceptor.TransactionInterceptor.invoke(TransactionInterceptor.java:119) ~[spring-tx-6.1.0-M5.jar!/:6.1.0-M5]
	at org.springframework.aop.framework.ReflectiveMethodInvocation.proceed(ReflectiveMethodInvocation.java:184) ~[spring-aop-6.1.0-M5.jar!/:6.1.0-M5]
	at org.springframework.dao.support.PersistenceExceptionTranslationInterceptor.invoke(PersistenceExceptionTranslationInterceptor.java:137) ~[spring-tx-6.1.0-M5.jar!/:6.1.0-M5]
	at org.springframework.aop.framework.ReflectiveMethodInvocation.proceed(ReflectiveMethodInvocation.java:184) ~[spring-aop-6.1.0-M5.jar!/:6.1.0-M5]
	at org.springframework.data.jpa.repository.support.CrudMethodMetadataPostProcessor$CrudMethodMetadataPopulatingMethodInterceptor.invoke(CrudMethodMetadataPostProcessor.java:164) ~[spring-data-jpa-3.2.0-M3.jar!/:3.2.0-M3]
	at org.springframework.aop.framework.ReflectiveMethodInvocation.proceed(ReflectiveMethodInvocation.java:184) ~[spring-aop-6.1.0-M5.jar!/:6.1.0-M5]
	at org.springframework.aop.interceptor.ExposeInvocationInterceptor.invoke(ExposeInvocationInterceptor.java:97) ~[spring-aop-6.1.0-M5.jar!/:6.1.0-M5]
	at org.springframework.aop.framework.ReflectiveMethodInvocation.proceed(ReflectiveMethodInvocation.java:184) ~[spring-aop-6.1.0-M5.jar!/:6.1.0-M5]
	at org.springframework.aop.framework.JdkDynamicAopProxy.invoke(JdkDynamicAopProxy.java:249) ~[spring-aop-6.1.0-M5.jar!/:6.1.0-M5]
	at jdk.proxy2/jdk.proxy2.$Proxy129.findAll(Unknown Source) ~[na:na]
	at com.example.cracdbsample.controllers.UserController.getUsers(UserController.java:28) ~[classes!/:0.0.1-SNAPSHOT]
	at java.base/jdk.internal.reflect.NativeMethodAccessorImpl.invoke0(Native Method) ~[na:na]
	at java.base/jdk.internal.reflect.NativeMethodAccessorImpl.invoke(NativeMethodAccessorImpl.java:77) ~[na:na]
	at java.base/jdk.internal.reflect.DelegatingMethodAccessorImpl.invoke(DelegatingMethodAccessorImpl.java:43) ~[na:na]
	at java.base/java.lang.reflect.Method.invoke(Method.java:568) ~[na:na]
	at org.springframework.web.reactive.result.method.InvocableHandlerMethod.lambda$invoke$0(InvocableHandlerMethod.java:174) ~[spring-webflux-6.1.0-M5.jar!/:6.1.0-M5]
	at reactor.core.publisher.FluxFlatMap.trySubscribeScalarMap(FluxFlatMap.java:152) ~[reactor-core-3.6.0-M3.jar!/:3.6.0-M3]
	at reactor.core.publisher.MonoFlatMap.subscribeOrReturn(MonoFlatMap.java:53) ~[reactor-core-3.6.0-M3.jar!/:3.6.0-M3]
	at reactor.core.publisher.InternalMonoOperator.subscribe(InternalMonoOperator.java:57) ~[reactor-core-3.6.0-M3.jar!/:3.6.0-M3]
	at reactor.core.publisher.MonoDefer.subscribe(MonoDefer.java:53) ~[reactor-core-3.6.0-M3.jar!/:3.6.0-M3]
	at reactor.core.publisher.MonoIgnoreThen$ThenIgnoreMain.subscribeNext(MonoIgnoreThen.java:240) ~[reactor-core-3.6.0-M3.jar!/:3.6.0-M3]
	at reactor.core.publisher.MonoIgnoreThen$ThenIgnoreMain.onComplete(MonoIgnoreThen.java:203) ~[reactor-core-3.6.0-M3.jar!/:3.6.0-M3]
	at reactor.core.publisher.MonoFlatMap$FlatMapMain.onComplete(MonoFlatMap.java:189) ~[reactor-core-3.6.0-M3.jar!/:3.6.0-M3]
	at reactor.core.publisher.Operators.complete(Operators.java:137) ~[reactor-core-3.6.0-M3.jar!/:3.6.0-M3]
	at reactor.core.publisher.MonoZip.subscribe(MonoZip.java:121) ~[reactor-core-3.6.0-M3.jar!/:3.6.0-M3]
	at reactor.core.publisher.Mono.subscribe(Mono.java:4495) ~[reactor-core-3.6.0-M3.jar!/:3.6.0-M3]
	at reactor.core.publisher.MonoIgnoreThen$ThenIgnoreMain.subscribeNext(MonoIgnoreThen.java:263) ~[reactor-core-3.6.0-M3.jar!/:3.6.0-M3]
	at reactor.core.publisher.MonoIgnoreThen.subscribe(MonoIgnoreThen.java:51) ~[reactor-core-3.6.0-M3.jar!/:3.6.0-M3]
	at reactor.core.publisher.Mono.subscribe(Mono.java:4495) ~[reactor-core-3.6.0-M3.jar!/:3.6.0-M3]
	at reactor.core.publisher.MonoSubscribeOn$SubscribeOnSubscriber.run(MonoSubscribeOn.java:126) ~[reactor-core-3.6.0-M3.jar!/:3.6.0-M3]
	at reactor.core.scheduler.ExecutorScheduler$ExecutorTrackedRunnable.run(ExecutorScheduler.java:192) ~[reactor-core-3.6.0-M3.jar!/:3.6.0-M3]
	at java.base/java.util.concurrent.ThreadPoolExecutor.runWorker(ThreadPoolExecutor.java:1136) ~[na:na]
	at java.base/java.util.concurrent.ThreadPoolExecutor$Worker.run(ThreadPoolExecutor.java:635) ~[na:na]
	at java.base/java.lang.Thread.run(Thread.java:833) ~[na:na]

2023-09-27T21:39:48.024+02:00  WARN 30330 --- [context-demo] [         task-8] o.h.engine.jdbc.spi.SqlExceptionHelper   : SQL Error: 0, SQLState: 28P01
2023-09-27T21:39:48.024+02:00 ERROR 30330 --- [context-demo] [         task-8] o.h.engine.jdbc.spi.SqlExceptionHelper   : FATAL: password authentication failed for user "user"
2023-09-27T21:39:48.025+02:00 ERROR 30330 --- [context-demo] [         task-8] a.w.r.e.AbstractErrorWebExceptionHandler : [0a24cd36-8]  500 Server Error for HTTP GET "/users"

org.springframework.transaction.CannotCreateTransactionException: Could not open JPA EntityManager for transaction
	at org.springframework.orm.jpa.JpaTransactionManager.doBegin(JpaTransactionManager.java:466) ~[spring-orm-6.1.0-M5.jar!/:6.1.0-M5]
	Suppressed: reactor.core.publisher.FluxOnAssembly$OnAssemblyException: 
Error has been observed at the following site(s):
	*__checkpoint ⇢ HTTP GET "/users" [ExceptionHandlingWebHandler]
Original Stack Trace:
		at org.springframework.orm.jpa.JpaTransactionManager.doBegin(JpaTransactionManager.java:466) ~[spring-orm-6.1.0-M5.jar!/:6.1.0-M5]
		at org.springframework.transaction.support.AbstractPlatformTransactionManager.startTransaction(AbstractPlatformTransactionManager.java:531) ~[spring-tx-6.1.0-M5.jar!/:6.1.0-M5]
		at org.springframework.transaction.support.AbstractPlatformTransactionManager.getTransaction(AbstractPlatformTransactionManager.java:405) ~[spring-tx-6.1.0-M5.jar!/:6.1.0-M5]
		at org.springframework.transaction.interceptor.TransactionAspectSupport.createTransactionIfNecessary(TransactionAspectSupport.java:610) ~[spring-tx-6.1.0-M5.jar!/:6.1.0-M5]
		at org.springframework.transaction.interceptor.TransactionAspectSupport.invokeWithinTransaction(TransactionAspectSupport.java:379) ~[spring-tx-6.1.0-M5.jar!/:6.1.0-M5]
		at org.springframework.transaction.interceptor.TransactionInterceptor.invoke(TransactionInterceptor.java:119) ~[spring-tx-6.1.0-M5.jar!/:6.1.0-M5]
		at org.springframework.aop.framework.ReflectiveMethodInvocation.proceed(ReflectiveMethodInvocation.java:184) ~[spring-aop-6.1.0-M5.jar!/:6.1.0-M5]
		at org.springframework.dao.support.PersistenceExceptionTranslationInterceptor.invoke(PersistenceExceptionTranslationInterceptor.java:137) ~[spring-tx-6.1.0-M5.jar!/:6.1.0-M5]
		at org.springframework.aop.framework.ReflectiveMethodInvocation.proceed(ReflectiveMethodInvocation.java:184) ~[spring-aop-6.1.0-M5.jar!/:6.1.0-M5]
		at org.springframework.data.jpa.repository.support.CrudMethodMetadataPostProcessor$CrudMethodMetadataPopulatingMethodInterceptor.invoke(CrudMethodMetadataPostProcessor.java:164) ~[spring-data-jpa-3.2.0-M3.jar!/:3.2.0-M3]
		at org.springframework.aop.framework.ReflectiveMethodInvocation.proceed(ReflectiveMethodInvocation.java:184) ~[spring-aop-6.1.0-M5.jar!/:6.1.0-M5]
		at org.springframework.aop.interceptor.ExposeInvocationInterceptor.invoke(ExposeInvocationInterceptor.java:97) ~[spring-aop-6.1.0-M5.jar!/:6.1.0-M5]
		at org.springframework.aop.framework.ReflectiveMethodInvocation.proceed(ReflectiveMethodInvocation.java:184) ~[spring-aop-6.1.0-M5.jar!/:6.1.0-M5]
		at org.springframework.aop.framework.JdkDynamicAopProxy.invoke(JdkDynamicAopProxy.java:249) ~[spring-aop-6.1.0-M5.jar!/:6.1.0-M5]
		at jdk.proxy2/jdk.proxy2.$Proxy129.findAll(Unknown Source) ~[na:na]
		at com.example.cracdbsample.controllers.UserController.getUsers(UserController.java:28) ~[classes!/:0.0.1-SNAPSHOT]
		at java.base/jdk.internal.reflect.NativeMethodAccessorImpl.invoke0(Native Method) ~[na:na]
		at java.base/jdk.internal.reflect.NativeMethodAccessorImpl.invoke(NativeMethodAccessorImpl.java:77) ~[na:na]
		at java.base/jdk.internal.reflect.DelegatingMethodAccessorImpl.invoke(DelegatingMethodAccessorImpl.java:43) ~[na:na]
		at java.base/java.lang.reflect.Method.invoke(Method.java:568) ~[na:na]
		at org.springframework.web.reactive.result.method.InvocableHandlerMethod.lambda$invoke$0(InvocableHandlerMethod.java:174) ~[spring-webflux-6.1.0-M5.jar!/:6.1.0-M5]
		at reactor.core.publisher.FluxFlatMap.trySubscribeScalarMap(FluxFlatMap.java:152) ~[reactor-core-3.6.0-M3.jar!/:3.6.0-M3]
		at reactor.core.publisher.MonoFlatMap.subscribeOrReturn(MonoFlatMap.java:53) ~[reactor-core-3.6.0-M3.jar!/:3.6.0-M3]
		at reactor.core.publisher.InternalMonoOperator.subscribe(InternalMonoOperator.java:57) ~[reactor-core-3.6.0-M3.jar!/:3.6.0-M3]
		at reactor.core.publisher.MonoDefer.subscribe(MonoDefer.java:53) ~[reactor-core-3.6.0-M3.jar!/:3.6.0-M3]
		at reactor.core.publisher.MonoIgnoreThen$ThenIgnoreMain.subscribeNext(MonoIgnoreThen.java:240) ~[reactor-core-3.6.0-M3.jar!/:3.6.0-M3]
		at reactor.core.publisher.MonoIgnoreThen$ThenIgnoreMain.onComplete(MonoIgnoreThen.java:203) ~[reactor-core-3.6.0-M3.jar!/:3.6.0-M3]
		at reactor.core.publisher.MonoFlatMap$FlatMapMain.onComplete(MonoFlatMap.java:189) ~[reactor-core-3.6.0-M3.jar!/:3.6.0-M3]
		at reactor.core.publisher.Operators.complete(Operators.java:137) ~[reactor-core-3.6.0-M3.jar!/:3.6.0-M3]
		at reactor.core.publisher.MonoZip.subscribe(MonoZip.java:121) ~[reactor-core-3.6.0-M3.jar!/:3.6.0-M3]
		at reactor.core.publisher.Mono.subscribe(Mono.java:4495) ~[reactor-core-3.6.0-M3.jar!/:3.6.0-M3]
		at reactor.core.publisher.MonoIgnoreThen$ThenIgnoreMain.subscribeNext(MonoIgnoreThen.java:263) ~[reactor-core-3.6.0-M3.jar!/:3.6.0-M3]
		at reactor.core.publisher.MonoIgnoreThen.subscribe(MonoIgnoreThen.java:51) ~[reactor-core-3.6.0-M3.jar!/:3.6.0-M3]
		at reactor.core.publisher.Mono.subscribe(Mono.java:4495) ~[reactor-core-3.6.0-M3.jar!/:3.6.0-M3]
		at reactor.core.publisher.MonoSubscribeOn$SubscribeOnSubscriber.run(MonoSubscribeOn.java:126) ~[reactor-core-3.6.0-M3.jar!/:3.6.0-M3]
		at reactor.core.scheduler.ExecutorScheduler$ExecutorTrackedRunnable.run(ExecutorScheduler.java:192) ~[reactor-core-3.6.0-M3.jar!/:3.6.0-M3]
		at java.base/java.util.concurrent.ThreadPoolExecutor.runWorker(ThreadPoolExecutor.java:1136) ~[na:na]
		at java.base/java.util.concurrent.ThreadPoolExecutor$Worker.run(ThreadPoolExecutor.java:635) ~[na:na]
		at java.base/java.lang.Thread.run(Thread.java:833) ~[na:na]
Caused by: org.hibernate.exception.GenericJDBCException: Unable to acquire JDBC Connection [FATAL: password authentication failed for user "user"] [n/a]
	at org.hibernate.exception.internal.StandardSQLExceptionConverter.convert(StandardSQLExceptionConverter.java:63) ~[hibernate-core-6.3.1.Final.jar!/:6.3.1.Final]
	at org.hibernate.engine.jdbc.spi.SqlExceptionHelper.convert(SqlExceptionHelper.java:108) ~[hibernate-core-6.3.1.Final.jar!/:6.3.1.Final]
	at org.hibernate.engine.jdbc.spi.SqlExceptionHelper.convert(SqlExceptionHelper.java:94) ~[hibernate-core-6.3.1.Final.jar!/:6.3.1.Final]
	at org.hibernate.resource.jdbc.internal.LogicalConnectionManagedImpl.acquireConnectionIfNeeded(LogicalConnectionManagedImpl.java:116) ~[hibernate-core-6.3.1.Final.jar!/:6.3.1.Final]
	at org.hibernate.resource.jdbc.internal.LogicalConnectionManagedImpl.getPhysicalConnection(LogicalConnectionManagedImpl.java:143) ~[hibernate-core-6.3.1.Final.jar!/:6.3.1.Final]
	at org.springframework.orm.jpa.vendor.HibernateJpaDialect.beginTransaction(HibernateJpaDialect.java:152) ~[spring-orm-6.1.0-M5.jar!/:6.1.0-M5]
	at org.springframework.orm.jpa.JpaTransactionManager.doBegin(JpaTransactionManager.java:420) ~[spring-orm-6.1.0-M5.jar!/:6.1.0-M5]
	at org.springframework.transaction.support.AbstractPlatformTransactionManager.startTransaction(AbstractPlatformTransactionManager.java:531) ~[spring-tx-6.1.0-M5.jar!/:6.1.0-M5]
	at org.springframework.transaction.support.AbstractPlatformTransactionManager.getTransaction(AbstractPlatformTransactionManager.java:405) ~[spring-tx-6.1.0-M5.jar!/:6.1.0-M5]
	at org.springframework.transaction.interceptor.TransactionAspectSupport.createTransactionIfNecessary(TransactionAspectSupport.java:610) ~[spring-tx-6.1.0-M5.jar!/:6.1.0-M5]
	at org.springframework.transaction.interceptor.TransactionAspectSupport.invokeWithinTransaction(TransactionAspectSupport.java:379) ~[spring-tx-6.1.0-M5.jar!/:6.1.0-M5]
	at org.springframework.transaction.interceptor.TransactionInterceptor.invoke(TransactionInterceptor.java:119) ~[spring-tx-6.1.0-M5.jar!/:6.1.0-M5]
	at org.springframework.aop.framework.ReflectiveMethodInvocation.proceed(ReflectiveMethodInvocation.java:184) ~[spring-aop-6.1.0-M5.jar!/:6.1.0-M5]
	at org.springframework.dao.support.PersistenceExceptionTranslationInterceptor.invoke(PersistenceExceptionTranslationInterceptor.java:137) ~[spring-tx-6.1.0-M5.jar!/:6.1.0-M5]
	at org.springframework.aop.framework.ReflectiveMethodInvocation.proceed(ReflectiveMethodInvocation.java:184) ~[spring-aop-6.1.0-M5.jar!/:6.1.0-M5]
	at org.springframework.data.jpa.repository.support.CrudMethodMetadataPostProcessor$CrudMethodMetadataPopulatingMethodInterceptor.invoke(CrudMethodMetadataPostProcessor.java:164) ~[spring-data-jpa-3.2.0-M3.jar!/:3.2.0-M3]
	at org.springframework.aop.framework.ReflectiveMethodInvocation.proceed(ReflectiveMethodInvocation.java:184) ~[spring-aop-6.1.0-M5.jar!/:6.1.0-M5]
	at org.springframework.aop.interceptor.ExposeInvocationInterceptor.invoke(ExposeInvocationInterceptor.java:97) ~[spring-aop-6.1.0-M5.jar!/:6.1.0-M5]
	at org.springframework.aop.framework.ReflectiveMethodInvocation.proceed(ReflectiveMethodInvocation.java:184) ~[spring-aop-6.1.0-M5.jar!/:6.1.0-M5]
	at org.springframework.aop.framework.JdkDynamicAopProxy.invoke(JdkDynamicAopProxy.java:249) ~[spring-aop-6.1.0-M5.jar!/:6.1.0-M5]
	at jdk.proxy2/jdk.proxy2.$Proxy129.findAll(Unknown Source) ~[na:na]
	at com.example.cracdbsample.controllers.UserController.getUsers(UserController.java:28) ~[classes!/:0.0.1-SNAPSHOT]
	at java.base/jdk.internal.reflect.NativeMethodAccessorImpl.invoke0(Native Method) ~[na:na]
	at java.base/jdk.internal.reflect.NativeMethodAccessorImpl.invoke(NativeMethodAccessorImpl.java:77) ~[na:na]
	at java.base/jdk.internal.reflect.DelegatingMethodAccessorImpl.invoke(DelegatingMethodAccessorImpl.java:43) ~[na:na]
	at java.base/java.lang.reflect.Method.invoke(Method.java:568) ~[na:na]
	at org.springframework.web.reactive.result.method.InvocableHandlerMethod.lambda$invoke$0(InvocableHandlerMethod.java:174) ~[spring-webflux-6.1.0-M5.jar!/:6.1.0-M5]
	at reactor.core.publisher.FluxFlatMap.trySubscribeScalarMap(FluxFlatMap.java:152) ~[reactor-core-3.6.0-M3.jar!/:3.6.0-M3]
	at reactor.core.publisher.MonoFlatMap.subscribeOrReturn(MonoFlatMap.java:53) ~[reactor-core-3.6.0-M3.jar!/:3.6.0-M3]
	at reactor.core.publisher.InternalMonoOperator.subscribe(InternalMonoOperator.java:57) ~[reactor-core-3.6.0-M3.jar!/:3.6.0-M3]
	at reactor.core.publisher.MonoDefer.subscribe(MonoDefer.java:53) ~[reactor-core-3.6.0-M3.jar!/:3.6.0-M3]
	at reactor.core.publisher.MonoIgnoreThen$ThenIgnoreMain.subscribeNext(MonoIgnoreThen.java:240) ~[reactor-core-3.6.0-M3.jar!/:3.6.0-M3]
	at reactor.core.publisher.MonoIgnoreThen$ThenIgnoreMain.onComplete(MonoIgnoreThen.java:203) ~[reactor-core-3.6.0-M3.jar!/:3.6.0-M3]
	at reactor.core.publisher.MonoFlatMap$FlatMapMain.onComplete(MonoFlatMap.java:189) ~[reactor-core-3.6.0-M3.jar!/:3.6.0-M3]
	at reactor.core.publisher.Operators.complete(Operators.java:137) ~[reactor-core-3.6.0-M3.jar!/:3.6.0-M3]
	at reactor.core.publisher.MonoZip.subscribe(MonoZip.java:121) ~[reactor-core-3.6.0-M3.jar!/:3.6.0-M3]
	at reactor.core.publisher.Mono.subscribe(Mono.java:4495) ~[reactor-core-3.6.0-M3.jar!/:3.6.0-M3]
	at reactor.core.publisher.MonoIgnoreThen$ThenIgnoreMain.subscribeNext(MonoIgnoreThen.java:263) ~[reactor-core-3.6.0-M3.jar!/:3.6.0-M3]
	at reactor.core.publisher.MonoIgnoreThen.subscribe(MonoIgnoreThen.java:51) ~[reactor-core-3.6.0-M3.jar!/:3.6.0-M3]
	at reactor.core.publisher.Mono.subscribe(Mono.java:4495) ~[reactor-core-3.6.0-M3.jar!/:3.6.0-M3]
	at reactor.core.publisher.MonoSubscribeOn$SubscribeOnSubscriber.run(MonoSubscribeOn.java:126) ~[reactor-core-3.6.0-M3.jar!/:3.6.0-M3]
	at reactor.core.scheduler.ExecutorScheduler$ExecutorTrackedRunnable.run(ExecutorScheduler.java:192) ~[reactor-core-3.6.0-M3.jar!/:3.6.0-M3]
	at java.base/java.util.concurrent.ThreadPoolExecutor.runWorker(ThreadPoolExecutor.java:1136) ~[na:na]
	at java.base/java.util.concurrent.ThreadPoolExecutor$Worker.run(ThreadPoolExecutor.java:635) ~[na:na]
	at java.base/java.lang.Thread.run(Thread.java:833) ~[na:na]
Caused by: org.postgresql.util.PSQLException: FATAL: password authentication failed for user "user"
	at org.postgresql.core.v3.ConnectionFactoryImpl.doAuthentication(ConnectionFactoryImpl.java:693) ~[postgresql-42.6.0.jar!/:42.6.0]
	at org.postgresql.core.v3.ConnectionFactoryImpl.tryConnect(ConnectionFactoryImpl.java:203) ~[postgresql-42.6.0.jar!/:42.6.0]
	at org.postgresql.core.v3.ConnectionFactoryImpl.openConnectionImpl(ConnectionFactoryImpl.java:258) ~[postgresql-42.6.0.jar!/:42.6.0]
	at org.postgresql.core.ConnectionFactory.openConnection(ConnectionFactory.java:54) ~[postgresql-42.6.0.jar!/:42.6.0]
	at org.postgresql.jdbc.PgConnection.<init>(PgConnection.java:263) ~[postgresql-42.6.0.jar!/:42.6.0]
	at org.postgresql.Driver.makeConnection(Driver.java:443) ~[postgresql-42.6.0.jar!/:42.6.0]
	at org.postgresql.Driver.connect(Driver.java:297) ~[postgresql-42.6.0.jar!/:42.6.0]
	at com.zaxxer.hikari.util.DriverDataSource.getConnection(DriverDataSource.java:138) ~[HikariCP-5.0.1.jar!/:na]
	at com.zaxxer.hikari.pool.PoolBase.newConnection(PoolBase.java:359) ~[HikariCP-5.0.1.jar!/:na]
	at com.zaxxer.hikari.pool.PoolBase.newPoolEntry(PoolBase.java:201) ~[HikariCP-5.0.1.jar!/:na]
	at com.zaxxer.hikari.pool.HikariPool.createPoolEntry(HikariPool.java:470) ~[HikariCP-5.0.1.jar!/:na]
	at com.zaxxer.hikari.pool.HikariPool.checkFailFast(HikariPool.java:561) ~[HikariCP-5.0.1.jar!/:na]
	at com.zaxxer.hikari.pool.HikariPool.<init>(HikariPool.java:100) ~[HikariCP-5.0.1.jar!/:na]
	at com.zaxxer.hikari.HikariDataSource.getConnection(HikariDataSource.java:112) ~[HikariCP-5.0.1.jar!/:na]
	at java.base/jdk.internal.reflect.NativeMethodAccessorImpl.invoke0(Native Method) ~[na:na]
	at java.base/jdk.internal.reflect.NativeMethodAccessorImpl.invoke(NativeMethodAccessorImpl.java:77) ~[na:na]
	at java.base/jdk.internal.reflect.DelegatingMethodAccessorImpl.invoke(DelegatingMethodAccessorImpl.java:43) ~[na:na]
	at java.base/java.lang.reflect.Method.invoke(Method.java:568) ~[na:na]
	at org.springframework.util.ReflectionUtils.invokeMethod(ReflectionUtils.java:281) ~[spring-core-6.1.0-M5.jar!/:6.1.0-M5]
	at org.springframework.cloud.context.scope.GenericScope$LockedScopedProxyFactoryBean.invoke(GenericScope.java:482) ~[spring-cloud-context-4.1.0-SNAPSHOT.jar!/:4.1.0-SNAPSHOT]
	at org.springframework.aop.framework.ReflectiveMethodInvocation.proceed(ReflectiveMethodInvocation.java:184) ~[spring-aop-6.1.0-M5.jar!/:6.1.0-M5]
	at org.springframework.aop.framework.JdkDynamicAopProxy.invoke(JdkDynamicAopProxy.java:249) ~[spring-aop-6.1.0-M5.jar!/:6.1.0-M5]
	at jdk.proxy2/jdk.proxy2.$Proxy89.getConnection(Unknown Source) ~[na:na]
	at org.hibernate.engine.jdbc.connections.internal.DatasourceConnectionProviderImpl.getConnection(DatasourceConnectionProviderImpl.java:122) ~[hibernate-core-6.3.1.Final.jar!/:6.3.1.Final]
	at org.hibernate.internal.NonContextualJdbcConnectionAccess.obtainConnection(NonContextualJdbcConnectionAccess.java:38) ~[hibernate-core-6.3.1.Final.jar!/:6.3.1.Final]
	at org.hibernate.resource.jdbc.internal.LogicalConnectionManagedImpl.acquireConnectionIfNeeded(LogicalConnectionManagedImpl.java:113) ~[hibernate-core-6.3.1.Final.jar!/:6.3.1.Final]
	... 41 common frames omitted

